{"level":"info","message":"MongoDB Initialized","timestamp":"20-06-2023 17:55:22"}
{"level":"info","message":"Express Initialized","timestamp":"20-06-2023 17:55:22"}
{"level":"error","message":"Error: listen EADDRINUSE: address already in use :::3001","timestamp":"20-06-2023 17:55:22"}
{"level":"info","message":"MongoDB Initialized","timestamp":"20-06-2023 17:57:57"}
{"level":"info","message":"Express Initialized","timestamp":"20-06-2023 17:57:57"}
{"level":"info","message":"Server is running on port 3001","timestamp":"20-06-2023 17:57:57"}
{"level":"info","message":"MongoDB Initialized","timestamp":"20-06-2023 18:01:54"}
{"level":"info","message":"Express Initialized","timestamp":"20-06-2023 18:01:54"}
{"level":"info","message":"Server is running on port 3001","timestamp":"20-06-2023 18:01:54"}
{"level":"info","message":"MongoDB Initialized","timestamp":"20-06-2023 18:04:44"}
{"level":"info","message":"Express Initialized","timestamp":"20-06-2023 18:04:44"}
{"level":"info","message":"Server is running on port 3001","timestamp":"20-06-2023 18:04:44"}
{"level":"info","message":"MongoDB Initialized","timestamp":"20-06-2023 18:05:20"}
{"level":"info","message":"Express Initialized","timestamp":"20-06-2023 18:05:20"}
{"level":"info","message":"Server is running on port 3001","timestamp":"20-06-2023 18:05:20"}
{"level":"info","message":"MongoDB Initialized","timestamp":"20-06-2023 18:06:40"}
{"level":"info","message":"Express Initialized","timestamp":"20-06-2023 18:06:40"}
{"level":"info","message":"Server is running on port 3001","timestamp":"20-06-2023 18:06:40"}
{"level":"info","message":"MongoDB Initialized","timestamp":"20-06-2023 23:32:45"}
{"level":"info","message":"Express Initialized","timestamp":"20-06-2023 23:32:46"}
{"level":"info","message":"Server is running on port 3001","timestamp":"20-06-2023 23:32:46"}
{"level":"info","message":"MongoDB Initialized","timestamp":"21-06-2023 10:06:07"}
{"level":"info","message":"Express Initialized","timestamp":"21-06-2023 10:06:07"}
{"level":"info","message":"Server is running on port 3001","timestamp":"21-06-2023 10:06:07"}
{"level":"info","message":"LoginController - authenticate()","timestamp":"21-06-2023 10:27:51"}
{"level":"info","message":"LoginService - getLogin()","timestamp":"21-06-2023 10:27:51"}
{"level":"info","message":"LoginDao - getByEmail()","timestamp":"21-06-2023 10:27:51"}
{"level":"info","message":"admin1@gmail.com Login Retrieved Successfully","timestamp":"21-06-2023 10:27:51"}
{"level":"info","message":"LoginController - authenticate()","timestamp":"21-06-2023 10:28:10"}
{"level":"info","message":"LoginService - getLogin()","timestamp":"21-06-2023 10:28:10"}
{"level":"info","message":"LoginDao - getByEmail()","timestamp":"21-06-2023 10:28:10"}
{"level":"info","message":"admin1@gmail.com Login Retrieved Successfully","timestamp":"21-06-2023 10:28:10"}
{"level":"info","message":"EmployeeService - getEmployeeById()","timestamp":"21-06-2023 10:28:10"}
{"level":"info","message":"EmployeeDao - getById()","timestamp":"21-06-2023 10:28:10"}
{"level":"info","message":"649187571b4e9b3aec898579 Employee Retrieved Successfully","timestamp":"21-06-2023 10:28:10"}
{"level":"info","message":"EmployeeController - getEmployeeById()","timestamp":"21-06-2023 10:28:10"}
{"level":"info","message":"EmployeeService - getEmployeeById()","timestamp":"21-06-2023 10:28:10"}
{"level":"info","message":"EmployeeDao - getById()","timestamp":"21-06-2023 10:28:10"}
{"level":"info","message":"ItemController - getAllItems()","timestamp":"21-06-2023 10:28:10"}
{"level":"info","message":"Item Services - getAllItems()","timestamp":"21-06-2023 10:28:10"}
{"level":"info","message":"ItemDao - getAll()","timestamp":"21-06-2023 10:28:10"}
{"level":"info","message":"649187571b4e9b3aec898579 Employee Retrieved Successfully","timestamp":"21-06-2023 10:28:10"}
{"level":"info","message":"Items Retrieved Successfully","timestamp":"21-06-2023 10:28:11"}
{"level":"info","message":"MongoDB Initialized","timestamp":"21-06-2023 10:47:34"}
{"level":"info","message":"Express Initialized","timestamp":"21-06-2023 10:47:34"}
{"level":"info","message":"Server is running on port 3001","timestamp":"21-06-2023 10:47:34"}
{"level":"info","message":"MongoDB Initialized","timestamp":"21-06-2023 10:54:11"}
{"level":"info","message":"Express Initialized","timestamp":"21-06-2023 10:54:11"}
{"level":"info","message":"Server is running on port 3001","timestamp":"21-06-2023 10:54:11"}
{"level":"info","message":"MongoDB Initialized","timestamp":"21-06-2023 11:49:54"}
{"level":"info","message":"Express Initialized","timestamp":"21-06-2023 11:49:54"}
{"level":"info","message":"Server is running on port 3001","timestamp":"21-06-2023 11:49:54"}
{"level":"info","message":"MongoDB Initialized","timestamp":"21-06-2023 11:52:11"}
{"level":"info","message":"Express Initialized","timestamp":"21-06-2023 11:52:11"}
{"level":"info","message":"Server is running on port 3001","timestamp":"21-06-2023 11:52:11"}
{"level":"info","message":"MongoDB Initialized","timestamp":"21-06-2023 12:02:09"}
{"level":"info","message":"Express Initialized","timestamp":"21-06-2023 12:02:09"}
{"level":"info","message":"Server is running on port 3001","timestamp":"21-06-2023 12:02:09"}
{"level":"info","message":"MongoDB Initialized","timestamp":"21-06-2023 12:04:31"}
{"level":"info","message":"Express Initialized","timestamp":"21-06-2023 12:04:31"}
{"level":"info","message":"Server is running on port 3001","timestamp":"21-06-2023 12:04:31"}
{"level":"info","message":"MongoDB Initialized","timestamp":"21-06-2023 12:15:47"}
{"level":"info","message":"Express Initialized","timestamp":"21-06-2023 12:15:47"}
{"level":"info","message":"Server is running on port 3001","timestamp":"21-06-2023 12:15:47"}
{"level":"info","message":"MongoDB Initialized","timestamp":"21-06-2023 12:39:15"}
{"level":"info","message":"Express Initialized","timestamp":"21-06-2023 12:39:15"}
{"level":"info","message":"Server is running on port 3001","timestamp":"21-06-2023 12:39:15"}
{"level":"info","message":"MongoDB Initialized","timestamp":"05-09-2023 23:58:47"}
{"level":"info","message":"Express Initialized","timestamp":"05-09-2023 23:58:47"}
{"level":"info","message":"Server is running on port 3001","timestamp":"05-09-2023 23:58:47"}
{"level":"info","message":"MongoDB Initialized","timestamp":"05-09-2023 23:59:27"}
{"level":"info","message":"Express Initialized","timestamp":"05-09-2023 23:59:27"}
{"level":"info","message":"Server is running on port 3001","timestamp":"05-09-2023 23:59:27"}
{"level":"info","message":"MongoDB Initialized","timestamp":"06-09-2023 00:00:03"}
{"level":"info","message":"Express Initialized","timestamp":"06-09-2023 00:00:03"}
{"level":"info","message":"Server is running on port 3000","timestamp":"06-09-2023 00:00:03"}
{"level":"info","message":"MongoDB Initialized","timestamp":"06-09-2023 01:40:55"}
{"level":"info","message":"Express Initialized","timestamp":"06-09-2023 01:40:56"}
{"level":"info","message":"Server is running on port 3000","timestamp":"06-09-2023 01:40:56"}
{"level":"info","message":"MongoDB Initialized","timestamp":"24-11-2023 18:22:11"}
{"level":"info","message":"Express Initialized","timestamp":"24-11-2023 18:22:11"}
{"level":"info","message":"Server is running on port 3000","timestamp":"24-11-2023 18:22:11"}
{"level":"info","message":"MongoDB Initialized","timestamp":"24-11-2023 19:28:36"}
{"level":"info","message":"Express Initialized","timestamp":"24-11-2023 19:28:36"}
{"level":"info","message":"Server is running on port 3000","timestamp":"24-11-2023 19:28:36"}
{"level":"info","message":"MongoDB Initialized","timestamp":"24-11-2023 19:29:11"}
{"level":"info","message":"Express Initialized","timestamp":"24-11-2023 19:29:11"}
{"level":"info","message":"Server is running on port 3000","timestamp":"24-11-2023 19:29:11"}
{"level":"info","message":"MongoDB Initialized","timestamp":"24-11-2023 19:32:22"}
{"level":"info","message":"Express Initialized","timestamp":"24-11-2023 19:32:22"}
{"level":"info","message":"Server is running on port 3000","timestamp":"24-11-2023 19:32:22"}
{"level":"info","message":"MongoDB Initialized","timestamp":"25-11-2023 07:36:10"}
{"level":"info","message":"Express Initialized","timestamp":"25-11-2023 07:36:10"}
{"level":"info","message":"Server is running on port 3000","timestamp":"25-11-2023 07:36:10"}
{"level":"info","message":"MongoDB Initialized","timestamp":"25-11-2023 07:37:19"}
{"level":"info","message":"Express Initialized","timestamp":"25-11-2023 07:37:19"}
{"level":"info","message":"Server is running on port 3001","timestamp":"25-11-2023 07:37:19"}
{"level":"info","message":"LoginController - authenticate()","timestamp":"25-11-2023 07:41:02"}
{"level":"info","message":"LoginService - getLogin()","timestamp":"25-11-2023 07:41:02"}
{"level":"info","message":"LoginDao - getByEmail()","timestamp":"25-11-2023 07:41:02"}
{"level":"info","message":"kumaramaduka10@gmail.com Login Retrieved Successfully","timestamp":"25-11-2023 07:41:03"}
{"level":"info","message":"EmployeeService - getEmployeeById()","timestamp":"25-11-2023 07:41:03"}
{"level":"info","message":"EmployeeDao - getById()","timestamp":"25-11-2023 07:41:03"}
{"level":"info","message":"649186e91b4e9b3aec898566 Employee Retrieved Successfully","timestamp":"25-11-2023 07:41:03"}
{"level":"info","message":"LoginController - authenticate()","timestamp":"25-11-2023 07:42:43"}
{"level":"info","message":"LoginService - getLogin()","timestamp":"25-11-2023 07:42:43"}
{"level":"info","message":"LoginDao - getByEmail()","timestamp":"25-11-2023 07:42:43"}
{"level":"info","message":"kumaramaduka10@gmail.com Login Retrieved Successfully","timestamp":"25-11-2023 07:42:43"}
{"level":"info","message":"EmployeeService - getEmployeeById()","timestamp":"25-11-2023 07:42:43"}
{"level":"info","message":"EmployeeDao - getById()","timestamp":"25-11-2023 07:42:43"}
{"level":"info","message":"649186e91b4e9b3aec898566 Employee Retrieved Successfully","timestamp":"25-11-2023 07:42:43"}
{"level":"info","message":"LoginController - authenticate()","timestamp":"25-11-2023 07:42:47"}
{"level":"info","message":"LoginService - getLogin()","timestamp":"25-11-2023 07:42:47"}
{"level":"info","message":"LoginDao - getByEmail()","timestamp":"25-11-2023 07:42:47"}
{"level":"info","message":"kumaramaduka10@gmail.com Login Retrieved Successfully","timestamp":"25-11-2023 07:42:47"}
{"level":"info","message":"EmployeeService - getEmployeeById()","timestamp":"25-11-2023 07:42:48"}
{"level":"info","message":"EmployeeDao - getById()","timestamp":"25-11-2023 07:42:48"}
{"level":"info","message":"649186e91b4e9b3aec898566 Employee Retrieved Successfully","timestamp":"25-11-2023 07:42:48"}
{"level":"info","message":"LoginController - authenticate()","timestamp":"25-11-2023 07:48:10"}
{"level":"info","message":"LoginService - getLogin()","timestamp":"25-11-2023 07:48:10"}
{"level":"info","message":"LoginDao - getByEmail()","timestamp":"25-11-2023 07:48:10"}
{"level":"info","message":"admin1@gmail.com Login Retrieved Successfully","timestamp":"25-11-2023 07:48:11"}
{"level":"info","message":"EmployeeService - getEmployeeById()","timestamp":"25-11-2023 07:48:11"}
{"level":"info","message":"EmployeeDao - getById()","timestamp":"25-11-2023 07:48:11"}
{"level":"info","message":"649187571b4e9b3aec898579 Employee Retrieved Successfully","timestamp":"25-11-2023 07:48:11"}
{"level":"info","message":"LoginController - authenticate()","timestamp":"25-11-2023 07:49:52"}
{"level":"info","message":"LoginService - getLogin()","timestamp":"25-11-2023 07:49:52"}
{"level":"info","message":"LoginDao - getByEmail()","timestamp":"25-11-2023 07:49:52"}
{"level":"info","message":"kumaramaduka10@gmail.com Login Retrieved Successfully","timestamp":"25-11-2023 07:49:52"}
{"level":"info","message":"EmployeeService - getEmployeeById()","timestamp":"25-11-2023 07:49:52"}
{"level":"info","message":"EmployeeDao - getById()","timestamp":"25-11-2023 07:49:52"}
{"level":"info","message":"649186e91b4e9b3aec898566 Employee Retrieved Successfully","timestamp":"25-11-2023 07:49:52"}
{"level":"info","message":"LoginController - authenticate()","timestamp":"25-11-2023 08:02:12"}
{"level":"info","message":"LoginService - getLogin()","timestamp":"25-11-2023 08:02:12"}
{"level":"info","message":"LoginDao - getByEmail()","timestamp":"25-11-2023 08:02:12"}
{"level":"info","message":"kumaramaduka10@gmail.com Login Retrieved Successfully","timestamp":"25-11-2023 08:02:12"}
{"level":"info","message":"EmployeeService - getEmployeeById()","timestamp":"25-11-2023 08:02:12"}
{"level":"info","message":"EmployeeDao - getById()","timestamp":"25-11-2023 08:02:12"}
{"level":"info","message":"649186e91b4e9b3aec898566 Employee Retrieved Successfully","timestamp":"25-11-2023 08:02:12"}
{"level":"info","message":"LoginController - authenticate()","timestamp":"25-11-2023 08:03:20"}
{"level":"info","message":"LoginService - getLogin()","timestamp":"25-11-2023 08:03:20"}
{"level":"info","message":"LoginDao - getByEmail()","timestamp":"25-11-2023 08:03:20"}
{"level":"info","message":"kumaramaduka10@gmail.com Login Retrieved Successfully","timestamp":"25-11-2023 08:03:20"}
{"level":"info","message":"EmployeeService - getEmployeeById()","timestamp":"25-11-2023 08:03:20"}
{"level":"info","message":"EmployeeDao - getById()","timestamp":"25-11-2023 08:03:20"}
{"level":"info","message":"649186e91b4e9b3aec898566 Employee Retrieved Successfully","timestamp":"25-11-2023 08:03:20"}
{"level":"info","message":"MongoDB Initialized","timestamp":"25-11-2023 09:53:38"}
{"level":"info","message":"Express Initialized","timestamp":"25-11-2023 09:53:38"}
{"level":"info","message":"Server is running on port 3001","timestamp":"25-11-2023 09:53:38"}
{"level":"info","message":"LoginController - authenticate()","timestamp":"25-11-2023 09:54:26"}
{"level":"info","message":"LoginService - getLogin()","timestamp":"25-11-2023 09:54:26"}
{"level":"info","message":"LoginDao - getByEmail()","timestamp":"25-11-2023 09:54:26"}
{"level":"info","message":"admin1@gmail.com Login Retrieved Successfully","timestamp":"25-11-2023 09:54:26"}
{"level":"info","message":"EmployeeService - getEmployeeById()","timestamp":"25-11-2023 09:54:26"}
{"level":"info","message":"EmployeeDao - getById()","timestamp":"25-11-2023 09:54:26"}
{"level":"info","message":"649187571b4e9b3aec898579 Employee Retrieved Successfully","timestamp":"25-11-2023 09:54:27"}
{"level":"info","message":"LoginController - authenticate()","timestamp":"25-11-2023 09:55:39"}
{"level":"info","message":"LoginService - getLogin()","timestamp":"25-11-2023 09:55:39"}
{"level":"info","message":"LoginDao - getByEmail()","timestamp":"25-11-2023 09:55:39"}
{"level":"info","message":"admin1@gmail.com Login Retrieved Successfully","timestamp":"25-11-2023 09:55:39"}
{"level":"info","message":"EmployeeService - getEmployeeById()","timestamp":"25-11-2023 09:55:39"}
{"level":"info","message":"EmployeeDao - getById()","timestamp":"25-11-2023 09:55:39"}
{"level":"info","message":"649187571b4e9b3aec898579 Employee Retrieved Successfully","timestamp":"25-11-2023 09:55:40"}
{"level":"info","message":"LoginController - authenticate()","timestamp":"25-11-2023 10:06:09"}
{"level":"info","message":"LoginService - getLogin()","timestamp":"25-11-2023 10:06:09"}
{"level":"info","message":"LoginDao - getByEmail()","timestamp":"25-11-2023 10:06:09"}
{"level":"info","message":"kumaramaduka10@gmail.com Login Retrieved Successfully","timestamp":"25-11-2023 10:06:09"}
{"level":"info","message":"EmployeeService - getEmployeeById()","timestamp":"25-11-2023 10:06:09"}
{"level":"info","message":"EmployeeDao - getById()","timestamp":"25-11-2023 10:06:09"}
{"level":"info","message":"649186e91b4e9b3aec898566 Employee Retrieved Successfully","timestamp":"25-11-2023 10:06:09"}
{"level":"info","message":"LoginController - authenticate()","timestamp":"25-11-2023 10:07:55"}
{"level":"info","message":"LoginService - getLogin()","timestamp":"25-11-2023 10:07:55"}
{"level":"info","message":"LoginDao - getByEmail()","timestamp":"25-11-2023 10:07:55"}
{"level":"info","message":"admin1@gmail.com Login Retrieved Successfully","timestamp":"25-11-2023 10:07:55"}
{"level":"info","message":"EmployeeService - getEmployeeById()","timestamp":"25-11-2023 10:07:55"}
{"level":"info","message":"EmployeeDao - getById()","timestamp":"25-11-2023 10:07:55"}
{"level":"info","message":"649187571b4e9b3aec898579 Employee Retrieved Successfully","timestamp":"25-11-2023 10:07:55"}
{"level":"info","message":"LoginController - authenticate()","timestamp":"25-11-2023 10:22:40"}
{"level":"info","message":"LoginService - getLogin()","timestamp":"25-11-2023 10:22:40"}
{"level":"info","message":"LoginDao - getByEmail()","timestamp":"25-11-2023 10:22:40"}
{"level":"info","message":"kumaramaduka10@gmail.com Login Retrieved Successfully","timestamp":"25-11-2023 10:22:40"}
{"level":"info","message":"EmployeeService - getEmployeeById()","timestamp":"25-11-2023 10:22:40"}
{"level":"info","message":"EmployeeDao - getById()","timestamp":"25-11-2023 10:22:40"}
{"level":"info","message":"649186e91b4e9b3aec898566 Employee Retrieved Successfully","timestamp":"25-11-2023 10:22:40"}
{"level":"info","message":"LoginController - authenticate()","timestamp":"25-11-2023 10:23:08"}
{"level":"info","message":"LoginService - getLogin()","timestamp":"25-11-2023 10:23:08"}
{"level":"info","message":"LoginDao - getByEmail()","timestamp":"25-11-2023 10:23:08"}
{"level":"info","message":"kumaramaduka10@gmail.com Login Retrieved Successfully","timestamp":"25-11-2023 10:23:08"}
{"level":"info","message":"EmployeeService - getEmployeeById()","timestamp":"25-11-2023 10:23:08"}
{"level":"info","message":"EmployeeDao - getById()","timestamp":"25-11-2023 10:23:08"}
{"level":"info","message":"649186e91b4e9b3aec898566 Employee Retrieved Successfully","timestamp":"25-11-2023 10:23:08"}
{"level":"info","message":"LoginController - authenticate()","timestamp":"25-11-2023 10:24:34"}
{"level":"info","message":"LoginService - getLogin()","timestamp":"25-11-2023 10:24:34"}
{"level":"info","message":"LoginDao - getByEmail()","timestamp":"25-11-2023 10:24:34"}
{"level":"info","message":"kumaramaduka10@gmail.com Login Retrieved Successfully","timestamp":"25-11-2023 10:24:34"}
{"level":"info","message":"EmployeeService - getEmployeeById()","timestamp":"25-11-2023 10:24:34"}
{"level":"info","message":"EmployeeDao - getById()","timestamp":"25-11-2023 10:24:34"}
{"level":"info","message":"649186e91b4e9b3aec898566 Employee Retrieved Successfully","timestamp":"25-11-2023 10:24:34"}
{"level":"info","message":"LoginController - authenticate()","timestamp":"25-11-2023 10:25:11"}
{"level":"info","message":"LoginService - getLogin()","timestamp":"25-11-2023 10:25:11"}
{"level":"info","message":"LoginDao - getByEmail()","timestamp":"25-11-2023 10:25:11"}
{"level":"info","message":"kumaramaduka10@gmail.com Login Retrieved Successfully","timestamp":"25-11-2023 10:25:11"}
{"level":"info","message":"EmployeeService - getEmployeeById()","timestamp":"25-11-2023 10:25:11"}
{"level":"info","message":"EmployeeDao - getById()","timestamp":"25-11-2023 10:25:11"}
{"level":"info","message":"649186e91b4e9b3aec898566 Employee Retrieved Successfully","timestamp":"25-11-2023 10:25:11"}
{"level":"info","message":"LoginController - authenticate()","timestamp":"25-11-2023 10:32:13"}
{"level":"info","message":"LoginService - getLogin()","timestamp":"25-11-2023 10:32:13"}
{"level":"info","message":"LoginDao - getByEmail()","timestamp":"25-11-2023 10:32:13"}
{"level":"info","message":"kumaramaduka10@gmail.com Login Retrieved Successfully","timestamp":"25-11-2023 10:32:14"}
{"level":"info","message":"EmployeeService - getEmployeeById()","timestamp":"25-11-2023 10:32:14"}
{"level":"info","message":"EmployeeDao - getById()","timestamp":"25-11-2023 10:32:14"}
{"level":"info","message":"649186e91b4e9b3aec898566 Employee Retrieved Successfully","timestamp":"25-11-2023 10:32:14"}
{"level":"info","message":"LoginController - authenticate()","timestamp":"25-11-2023 10:35:12"}
{"level":"info","message":"LoginService - getLogin()","timestamp":"25-11-2023 10:35:12"}
{"level":"info","message":"LoginDao - getByEmail()","timestamp":"25-11-2023 10:35:12"}
{"level":"info","message":"kumaramaduka10@gmail.com Login Retrieved Successfully","timestamp":"25-11-2023 10:35:12"}
{"level":"info","message":"EmployeeService - getEmployeeById()","timestamp":"25-11-2023 10:35:12"}
{"level":"info","message":"EmployeeDao - getById()","timestamp":"25-11-2023 10:35:12"}
{"level":"info","message":"649186e91b4e9b3aec898566 Employee Retrieved Successfully","timestamp":"25-11-2023 10:35:12"}
{"level":"info","message":"LoginController - authenticate()","timestamp":"25-11-2023 10:35:28"}
{"level":"info","message":"LoginService - getLogin()","timestamp":"25-11-2023 10:35:28"}
{"level":"info","message":"LoginDao - getByEmail()","timestamp":"25-11-2023 10:35:28"}
{"level":"info","message":"kumaramaduka10@gmail.com Login Retrieved Successfully","timestamp":"25-11-2023 10:35:28"}
{"level":"info","message":"EmployeeService - getEmployeeById()","timestamp":"25-11-2023 10:35:28"}
{"level":"info","message":"EmployeeDao - getById()","timestamp":"25-11-2023 10:35:28"}
{"level":"info","message":"649186e91b4e9b3aec898566 Employee Retrieved Successfully","timestamp":"25-11-2023 10:35:29"}
{"level":"info","message":"LoginController - authenticate()","timestamp":"25-11-2023 10:42:40"}
{"level":"info","message":"LoginService - getLogin()","timestamp":"25-11-2023 10:42:40"}
{"level":"info","message":"LoginDao - getByEmail()","timestamp":"25-11-2023 10:42:40"}
{"level":"info","message":"kumaramaduka10@gmail.com Login Retrieved Successfully","timestamp":"25-11-2023 10:42:40"}
{"level":"info","message":"EmployeeService - getEmployeeById()","timestamp":"25-11-2023 10:42:41"}
{"level":"info","message":"EmployeeDao - getById()","timestamp":"25-11-2023 10:42:41"}
{"level":"info","message":"649186e91b4e9b3aec898566 Employee Retrieved Successfully","timestamp":"25-11-2023 10:42:41"}
{"level":"info","message":"LoginController - authenticate()","timestamp":"25-11-2023 10:43:40"}
{"level":"info","message":"LoginService - getLogin()","timestamp":"25-11-2023 10:43:40"}
{"level":"info","message":"LoginDao - getByEmail()","timestamp":"25-11-2023 10:43:40"}
{"level":"info","message":"kumaramaduka10@gmail.com Login Retrieved Successfully","timestamp":"25-11-2023 10:43:40"}
{"level":"info","message":"EmployeeService - getEmployeeById()","timestamp":"25-11-2023 10:43:40"}
{"level":"info","message":"EmployeeDao - getById()","timestamp":"25-11-2023 10:43:40"}
{"level":"info","message":"649186e91b4e9b3aec898566 Employee Retrieved Successfully","timestamp":"25-11-2023 10:43:40"}
{"level":"info","message":"LoginController - authenticate()","timestamp":"25-11-2023 10:47:35"}
{"level":"info","message":"LoginService - getLogin()","timestamp":"25-11-2023 10:47:35"}
{"level":"info","message":"LoginDao - getByEmail()","timestamp":"25-11-2023 10:47:35"}
{"level":"info","message":"admin1@gmail.com Login Retrieved Successfully","timestamp":"25-11-2023 10:47:35"}
{"level":"info","message":"EmployeeService - getEmployeeById()","timestamp":"25-11-2023 10:47:35"}
{"level":"info","message":"EmployeeDao - getById()","timestamp":"25-11-2023 10:47:35"}
{"level":"info","message":"649187571b4e9b3aec898579 Employee Retrieved Successfully","timestamp":"25-11-2023 10:47:35"}
{"level":"info","message":"EmployeeController - getEmployeeById()","timestamp":"25-11-2023 10:47:35"}
{"level":"info","message":"EmployeeService - getEmployeeById()","timestamp":"25-11-2023 10:47:35"}
{"level":"info","message":"EmployeeDao - getById()","timestamp":"25-11-2023 10:47:35"}
{"level":"info","message":"ItemController - getAllItems()","timestamp":"25-11-2023 10:47:35"}
{"level":"info","message":"Item Services - getAllItems()","timestamp":"25-11-2023 10:47:35"}
{"level":"info","message":"ItemDao - getAll()","timestamp":"25-11-2023 10:47:35"}
{"level":"info","message":"649187571b4e9b3aec898579 Employee Retrieved Successfully","timestamp":"25-11-2023 10:47:35"}
{"level":"info","message":"Items Retrieved Successfully","timestamp":"25-11-2023 10:47:36"}
{"level":"info","message":"OrderController - viewOrders()","timestamp":"25-11-2023 10:47:55"}
{"level":"info","message":"OrderService - viewOrders()","timestamp":"25-11-2023 10:47:55"}
{"level":"info","message":"OrderDao - getAll()","timestamp":"25-11-2023 10:47:55"}
{"level":"info","message":"Orders Retrieved Successfully","timestamp":"25-11-2023 10:47:55"}
{"level":"info","message":"EmployeeController - getEmployeeById()","timestamp":"25-11-2023 10:48:52"}
{"level":"info","message":"EmployeeService - getEmployeeById()","timestamp":"25-11-2023 10:48:52"}
{"level":"info","message":"EmployeeDao - getById()","timestamp":"25-11-2023 10:48:52"}
{"level":"info","message":"OrderController - getOrderById()","timestamp":"25-11-2023 10:48:52"}
{"level":"info","message":"OrderService - getOrderById()","timestamp":"25-11-2023 10:48:52"}
{"level":"info","message":"OrderDao - getById()","timestamp":"25-11-2023 10:48:52"}
{"level":"info","message":"649187571b4e9b3aec898579 Employee Retrieved Successfully","timestamp":"25-11-2023 10:48:52"}
{"level":"info","message":"64dd3d810453b50061039690 Order Retrieved Successfully","timestamp":"25-11-2023 10:48:53"}
{"level":"info","message":"MongoDB Initialized","timestamp":"30-11-2023 23:21:47"}
{"level":"info","message":"Express Initialized","timestamp":"30-11-2023 23:21:47"}
{"level":"info","message":"Server is running on port 3001","timestamp":"30-11-2023 23:21:47"}
{"level":"info","message":"MongoDB Initialized","timestamp":"01-12-2023 10:47:58"}
{"level":"info","message":"Express Initialized","timestamp":"01-12-2023 10:47:58"}
{"level":"info","message":"Server is running on port 3001","timestamp":"01-12-2023 10:47:58"}
